<?xml version="1.0" encoding="UTF-8"?>
<!-- Generated by org.testng.reporters.JUnitReportReporter -->
<testsuite skipped="0" hostname="DESKTOP-H6NSOSJ" name="com.w2a.testcases.LoginTest" tests="1" failures="0" timestamp="2025-05-31T13:29:16 PDT" time="3.205" errors="0">
  <testcase name="loginTest" time="3.205" classname="com.w2a.testcases.LoginTest"/>
  <system-out/>
</testsuite> <!-- com.w2a.testcases.LoginTest -->
