<?xml version="1.0" encoding="UTF-8"?>
<!-- Generated by org.testng.reporters.JUnitReportReporter -->
<testsuite skipped="0" hostname="DESKTOP-H6NSOSJ" name="com.w2a.testcases.CreateAccountTest" tests="1" failures="0" timestamp="2025-06-01T19:35:45 PDT" time="17.866" errors="0">
  <testcase name="createAccountTest" time="17.866" classname="com.w2a.testcases.CreateAccountTest"/>
  <system-out/>
</testsuite> <!-- com.w2a.testcases.CreateAccountTest -->
