<?xml version="1.0" encoding="UTF-8"?>
<!-- Generated by org.testng.reporters.JUnitReportReporter -->
<testsuite skipped="0" hostname="DESKTOP-H6NSOSJ" name="com.w2a.testcases.LoginTest" tests="1" failures="0" timestamp="2025-06-01T19:35:45 PDT" time="2.840" errors="0">
  <testcase name="loginTest" time="2.840" classname="com.w2a.testcases.LoginTest"/>
  <system-out/>
</testsuite> <!-- com.w2a.testcases.LoginTest -->
